::1 - - [20/Oct/2020:22:11:42 +0000] "GET / HTTP/1.1" 200 4 "-" "Mozilla/5.0 (Windows NT 10.0; Win64; x64) AppleWebKit/537.36 (KHTML, like Gecko) Chrome/86.0.4240.75 Safari/537.36"
::1 - - [20/Oct/2020:22:45:48 +0000] "GET / HTTP/1.1" 200 4 "-" "Mozilla/5.0 (Windows NT 10.0; Win64; x64) AppleWebKit/537.36 (KHTML, like Gecko) Chrome/86.0.4240.75 Safari/537.36"
::1 - - [20/Oct/2020:22:46:01 +0000] "GET / HTTP/1.1" 200 4 "-" "Mozilla/5.0 (Windows NT 10.0; Win64; x64) AppleWebKit/537.36 (KHTML, like Gecko) Chrome/86.0.4240.75 Safari/537.36"
::1 - - [20/Oct/2020:22:46:12 +0000] "GET / HTTP/1.1" 200 4 "-" "Mozilla/5.0 (Windows NT 10.0; Win64; x64) AppleWebKit/537.36 (KHTML, like Gecko) Chrome/86.0.4240.75 Safari/537.36"
::1 - - [20/Oct/2020:22:46:12 +0000] "GET / HTTP/1.1" 200 4 "-" "Mozilla/5.0 (Windows NT 10.0; Win64; x64) AppleWebKit/537.36 (KHTML, like Gecko) Chrome/86.0.4240.75 Safari/537.36"
::1 - - [20/Oct/2020:22:46:12 +0000] "GET / HTTP/1.1" 200 4 "-" "Mozilla/5.0 (Windows NT 10.0; Win64; x64) AppleWebKit/537.36 (KHTML, like Gecko) Chrome/86.0.4240.75 Safari/537.36"
::1 - - [20/Oct/2020:22:46:12 +0000] "GET / HTTP/1.1" 200 4 "-" "Mozilla/5.0 (Windows NT 10.0; Win64; x64) AppleWebKit/537.36 (KHTML, like Gecko) Chrome/86.0.4240.75 Safari/537.36"
::1 - - [20/Oct/2020:22:46:59 +0000] "GET / HTTP/1.1" 200 4 "-" "Mozilla/5.0 (Windows NT 10.0; Win64; x64) AppleWebKit/537.36 (KHTML, like Gecko) Chrome/86.0.4240.75 Safari/537.36"
::ffff:127.0.0.1 - - [20/Oct/2020:22:47:08 +0000] "GET / HTTP/1.1" 200 4 "-" "Mozilla/5.0 (Windows NT 10.0; Win64; x64) AppleWebKit/537.36 (KHTML, like Gecko) Chrome/86.0.4240.75 Safari/537.36"
::1 - - [20/Oct/2020:23:26:20 +0000] "GET /users HTTP/1.1" - - "-" "Mozilla/5.0 (Windows NT 10.0; Win64; x64) AppleWebKit/537.36 (KHTML, like Gecko) Chrome/86.0.4240.75 Safari/537.36"
::1 - - [20/Oct/2020:23:28:45 +0000] "GET /users HTTP/1.1" - - "-" "Mozilla/5.0 (Windows NT 10.0; Win64; x64) AppleWebKit/537.36 (KHTML, like Gecko) Chrome/86.0.4240.75 Safari/537.36"
::1 - - [21/Oct/2020:01:21:20 +0000] "GET / HTTP/1.1" 200 4 "-" "Mozilla/5.0 (Windows NT 10.0; Win64; x64) AppleWebKit/537.36 (KHTML, like Gecko) Chrome/86.0.4240.75 Safari/537.36"
::1 - - [21/Oct/2020:01:34:03 +0000] "GET / HTTP/1.1" 200 4 "-" "Mozilla/5.0 (Windows NT 10.0; Win64; x64) AppleWebKit/537.36 (KHTML, like Gecko) Chrome/86.0.4240.75 Safari/537.36"
::1 - - [21/Oct/2020:01:35:19 +0000] "GET / HTTP/1.1" 200 4 "-" "Mozilla/5.0 (Windows NT 10.0; Win64; x64) AppleWebKit/537.36 (KHTML, like Gecko) Chrome/86.0.4240.75 Safari/537.36"
::ffff:127.0.0.1 - - [21/Oct/2020:01:35:58 +0000] "GET / HTTP/1.1" 200 4 "-" "Mozilla/5.0 (Windows NT 10.0; Win64; x64) AppleWebKit/537.36 (KHTML, like Gecko) Chrome/86.0.4240.75 Safari/537.36"
::ffff:127.0.0.1 - - [21/Oct/2020:01:36:01 +0000] "GET /users HTTP/1.1" 200 2 "-" "Mozilla/5.0 (Windows NT 10.0; Win64; x64) AppleWebKit/537.36 (KHTML, like Gecko) Chrome/86.0.4240.75 Safari/537.36"
::ffff:127.0.0.1 - - [21/Oct/2020:01:41:38 +0000] "GET /users HTTP/1.1" - - "-" "Mozilla/5.0 (Windows NT 10.0; Win64; x64) AppleWebKit/537.36 (KHTML, like Gecko) Chrome/86.0.4240.75 Safari/537.36"
::1 - - [21/Oct/2020:02:19:57 +0000] "GET /users HTTP/1.1" 200 2 "-" "Mozilla/5.0 (Windows NT 10.0; Win64; x64) AppleWebKit/537.36 (KHTML, like Gecko) Chrome/86.0.4240.75 Safari/537.36"
::1 - - [21/Oct/2020:02:26:46 +0000] "GET /users HTTP/1.1" 200 30 "-" "Mozilla/5.0 (Windows NT 10.0; Win64; x64) AppleWebKit/537.36 (KHTML, like Gecko) Chrome/86.0.4240.75 Safari/537.36"
::1 - - [21/Oct/2020:02:27:32 +0000] "GET /users HTTP/1.1" 200 30 "-" "Mozilla/5.0 (Windows NT 10.0; Win64; x64) AppleWebKit/537.36 (KHTML, like Gecko) Chrome/86.0.4240.75 Safari/537.36"
::1 - - [21/Oct/2020:02:31:42 +0000] "GET /users HTTP/1.1" 200 2 "-" "Mozilla/5.0 (Windows NT 10.0; Win64; x64) AppleWebKit/537.36 (KHTML, like Gecko) Chrome/86.0.4240.75 Safari/537.36"
::1 - - [21/Oct/2020:02:36:02 +0000] "POST /users HTTP/1.1" 200 30 "-" "Mozilla/5.0 (Windows NT 10.0; Win64; x64) AppleWebKit/537.36 (KHTML, like Gecko) Chrome/86.0.4240.75 Safari/537.36"
::1 - - [21/Oct/2020:02:36:11 +0000] "POST /users HTTP/1.1" 200 30 "-" "Mozilla/5.0 (Windows NT 10.0; Win64; x64) AppleWebKit/537.36 (KHTML, like Gecko) Chrome/86.0.4240.75 Safari/537.36"
::1 - - [21/Oct/2020:02:36:13 +0000] "POST /users HTTP/1.1" 200 30 "-" "Mozilla/5.0 (Windows NT 10.0; Win64; x64) AppleWebKit/537.36 (KHTML, like Gecko) Chrome/86.0.4240.75 Safari/537.36"
::1 - - [21/Oct/2020:02:36:13 +0000] "POST /users HTTP/1.1" 200 30 "-" "Mozilla/5.0 (Windows NT 10.0; Win64; x64) AppleWebKit/537.36 (KHTML, like Gecko) Chrome/86.0.4240.75 Safari/537.36"
::1 - - [21/Oct/2020:02:36:13 +0000] "POST /users HTTP/1.1" 200 30 "-" "Mozilla/5.0 (Windows NT 10.0; Win64; x64) AppleWebKit/537.36 (KHTML, like Gecko) Chrome/86.0.4240.75 Safari/537.36"
::1 - - [21/Oct/2020:02:36:13 +0000] "POST /users HTTP/1.1" 200 30 "-" "Mozilla/5.0 (Windows NT 10.0; Win64; x64) AppleWebKit/537.36 (KHTML, like Gecko) Chrome/86.0.4240.75 Safari/537.36"
::ffff:127.0.0.1 - - [21/Oct/2020:02:36:34 +0000] "POST /users HTTP/1.1" 200 1135 "-" "Mozilla/5.0 (Windows NT 10.0; Win64; x64) AppleWebKit/537.36 (KHTML, like Gecko) Chrome/86.0.4240.75 Safari/537.36"
::1 - - [21/Oct/2020:02:36:55 +0000] "POST /users HTTP/1.1" 200 1129 "-" "Mozilla/5.0 (Windows NT 10.0; Win64; x64) AppleWebKit/537.36 (KHTML, like Gecko) Chrome/86.0.4240.75 Safari/537.36"
::1 - - [21/Oct/2020:02:39:46 +0000] "POST /users HTTP/1.1" 200 1079 "-" "Mozilla/5.0 (Windows NT 10.0; Win64; x64) AppleWebKit/537.36 (KHTML, like Gecko) Chrome/86.0.4240.75 Safari/537.36"
::1 - - [21/Oct/2020:02:40:21 +0000] "POST /users HTTP/1.1" 200 1198 "-" "Mozilla/5.0 (Windows NT 10.0; Win64; x64) AppleWebKit/537.36 (KHTML, like Gecko) Chrome/86.0.4240.75 Safari/537.36"
::1 - - [21/Oct/2020:02:41:39 +0000] "POST /users HTTP/1.1" 200 489 "-" "Mozilla/5.0 (Windows NT 10.0; Win64; x64) AppleWebKit/537.36 (KHTML, like Gecko) Chrome/86.0.4240.75 Safari/537.36"
::1 - - [21/Oct/2020:02:44:26 +0000] "POST /users HTTP/1.1" 200 489 "-" "Mozilla/5.0 (Windows NT 10.0; Win64; x64) AppleWebKit/537.36 (KHTML, like Gecko) Chrome/86.0.4240.75 Safari/537.36"
::1 - - [21/Oct/2020:02:44:27 +0000] "POST /users HTTP/1.1" 200 489 "-" "Mozilla/5.0 (Windows NT 10.0; Win64; x64) AppleWebKit/537.36 (KHTML, like Gecko) Chrome/86.0.4240.75 Safari/537.36"
::1 - - [21/Oct/2020:02:44:27 +0000] "POST /users HTTP/1.1" 200 489 "-" "Mozilla/5.0 (Windows NT 10.0; Win64; x64) AppleWebKit/537.36 (KHTML, like Gecko) Chrome/86.0.4240.75 Safari/537.36"
::1 - - [21/Oct/2020:02:46:32 +0000] "POST /users HTTP/1.1" 200 481 "-" "Mozilla/5.0 (Windows NT 10.0; Win64; x64) AppleWebKit/537.36 (KHTML, like Gecko) Chrome/86.0.4240.75 Safari/537.36"
::ffff:127.0.0.1 - - [21/Oct/2020:02:49:19 +0000] "POST /users HTTP/1.1" 200 33 "-" "Mozilla/5.0 (Windows NT 10.0; Win64; x64) AppleWebKit/537.36 (KHTML, like Gecko) Chrome/86.0.4240.75 Safari/537.36"
::1 - - [21/Oct/2020:02:49:31 +0000] "POST /users HTTP/1.1" 200 97 "-" "Mozilla/5.0 (Windows NT 10.0; Win64; x64) AppleWebKit/537.36 (KHTML, like Gecko) Chrome/86.0.4240.75 Safari/537.36"
::1 - - [21/Oct/2020:16:03:47 +0000] "POST /users HTTP/1.1" 500 76 "-" "Mozilla/5.0 (Windows NT 10.0; Win64; x64) AppleWebKit/537.36 (KHTML, like Gecko) Chrome/86.0.4240.75 Safari/537.36"
::1 - - [21/Oct/2020:16:16:01 +0000] "GET /users HTTP/1.1" 200 63 "-" "Mozilla/5.0 (Windows NT 10.0; Win64; x64) AppleWebKit/537.36 (KHTML, like Gecko) Chrome/86.0.4240.75 Safari/537.36"
::1 - - [21/Oct/2020:16:16:42 +0000] "POST /users HTTP/1.1" 200 97 "-" "Mozilla/5.0 (Windows NT 10.0; Win64; x64) AppleWebKit/537.36 (KHTML, like Gecko) Chrome/86.0.4240.75 Safari/537.36"
::ffff:127.0.0.1 - - [21/Oct/2020:16:17:08 +0000] "POST /users HTTP/1.1" 200 97 "-" "Mozilla/5.0 (Windows NT 10.0; Win64; x64) AppleWebKit/537.36 (KHTML, like Gecko) Chrome/86.0.4240.75 Safari/537.36"
::ffff:127.0.0.1 - - [21/Oct/2020:16:18:01 +0000] "POST /users HTTP/1.1" 200 55 "-" "Mozilla/5.0 (Windows NT 10.0; Win64; x64) AppleWebKit/537.36 (KHTML, like Gecko) Chrome/86.0.4240.75 Safari/537.36"
::1 - - [21/Oct/2020:16:18:34 +0000] "POST /users HTTP/1.1" 200 55 "-" "Mozilla/5.0 (Windows NT 10.0; Win64; x64) AppleWebKit/537.36 (KHTML, like Gecko) Chrome/86.0.4240.75 Safari/537.36"
::1 - - [21/Oct/2020:16:19:55 +0000] "POST /users HTTP/1.1" 200 55 "-" "Mozilla/5.0 (Windows NT 10.0; Win64; x64) AppleWebKit/537.36 (KHTML, like Gecko) Chrome/86.0.4240.75 Safari/537.36"
::1 - - [21/Oct/2020:16:20:25 +0000] "POST /users HTTP/1.1" 200 67 "-" "Mozilla/5.0 (Windows NT 10.0; Win64; x64) AppleWebKit/537.36 (KHTML, like Gecko) Chrome/86.0.4240.75 Safari/537.36"
::ffff:127.0.0.1 - - [21/Oct/2020:16:22:04 +0000] "POST /users HTTP/1.1" 200 80 "-" "Mozilla/5.0 (Windows NT 10.0; Win64; x64) AppleWebKit/537.36 (KHTML, like Gecko) Chrome/86.0.4240.75 Safari/537.36"
::1 - - [21/Oct/2020:16:22:26 +0000] "POST /users HTTP/1.1" 200 80 "-" "Mozilla/5.0 (Windows NT 10.0; Win64; x64) AppleWebKit/537.36 (KHTML, like Gecko) Chrome/86.0.4240.75 Safari/537.36"
::1 - - [21/Oct/2020:16:26:33 +0000] "POST /users HTTP/1.1" 400 47 "-" "Mozilla/5.0 (Windows NT 10.0; Win64; x64) AppleWebKit/537.36 (KHTML, like Gecko) Chrome/86.0.4240.75 Safari/537.36"
::ffff:127.0.0.1 - - [21/Oct/2020:16:26:52 +0000] "POST /users HTTP/1.1" 400 47 "-" "Mozilla/5.0 (Windows NT 10.0; Win64; x64) AppleWebKit/537.36 (KHTML, like Gecko) Chrome/86.0.4240.75 Safari/537.36"
::1 - - [21/Oct/2020:16:49:04 +0000] "POST /users HTTP/1.1" 400 47 "-" "Mozilla/5.0 (Windows NT 10.0; Win64; x64) AppleWebKit/537.36 (KHTML, like Gecko) Chrome/86.0.4240.75 Safari/537.36"
::1 - - [22/Oct/2020:00:51:53 +0000] "POST /users HTTP/1.1" - - "-" "Mozilla/5.0 (Windows NT 10.0; Win64; x64) AppleWebKit/537.36 (KHTML, like Gecko) Chrome/86.0.4240.111 Safari/537.36"
::1 - - [22/Oct/2020:00:56:32 +0000] "POST /users HTTP/1.1" - - "-" "Mozilla/5.0 (Windows NT 10.0; Win64; x64) AppleWebKit/537.36 (KHTML, like Gecko) Chrome/86.0.4240.111 Safari/537.36"
::1 - - [22/Oct/2020:00:58:36 +0000] "POST /users HTTP/1.1" - - "-" "Mozilla/5.0 (Windows NT 10.0; Win64; x64) AppleWebKit/537.36 (KHTML, like Gecko) Chrome/86.0.4240.111 Safari/537.36"
::1 - - [22/Oct/2020:00:58:38 +0000] "POST /users HTTP/1.1" 400 47 "-" "Mozilla/5.0 (Windows NT 10.0; Win64; x64) AppleWebKit/537.36 (KHTML, like Gecko) Chrome/86.0.4240.111 Safari/537.36"
::1 - - [22/Oct/2020:01:00:41 +0000] "POST /users HTTP/1.1" - - "-" "Mozilla/5.0 (Windows NT 10.0; Win64; x64) AppleWebKit/537.36 (KHTML, like Gecko) Chrome/86.0.4240.111 Safari/537.36"
::1 - - [22/Oct/2020:01:16:47 +0000] "POST /users HTTP/1.1" 200 104 "-" "Mozilla/5.0 (Windows NT 10.0; Win64; x64) AppleWebKit/537.36 (KHTML, like Gecko) Chrome/86.0.4240.111 Safari/537.36"
::1 - - [22/Oct/2020:01:17:59 +0000] "POST /users HTTP/1.1" 400 47 "-" "Mozilla/5.0 (Windows NT 10.0; Win64; x64) AppleWebKit/537.36 (KHTML, like Gecko) Chrome/86.0.4240.111 Safari/537.36"
::ffff:127.0.0.1 - - [22/Oct/2020:01:18:14 +0000] "POST /users HTTP/1.1" 200 104 "-" "Mozilla/5.0 (Windows NT 10.0; Win64; x64) AppleWebKit/537.36 (KHTML, like Gecko) Chrome/86.0.4240.111 Safari/537.36"
::1 - - [22/Oct/2020:01:20:17 +0000] "POST /users HTTP/1.1" 200 104 "-" "Mozilla/5.0 (Windows NT 10.0; Win64; x64) AppleWebKit/537.36 (KHTML, like Gecko) Chrome/86.0.4240.111 Safari/537.36"
::1 - - [22/Oct/2020:01:21:58 +0000] "POST /users HTTP/1.1" 200 104 "-" "Mozilla/5.0 (Windows NT 10.0; Win64; x64) AppleWebKit/537.36 (KHTML, like Gecko) Chrome/86.0.4240.111 Safari/537.36"
::1 - - [22/Oct/2020:01:23:32 +0000] "POST /users HTTP/1.1" 200 33 "-" "Mozilla/5.0 (Windows NT 10.0; Win64; x64) AppleWebKit/537.36 (KHTML, like Gecko) Chrome/86.0.4240.111 Safari/537.36"
::1 - - [22/Oct/2020:01:26:37 +0000] "POST /users HTTP/1.1" 200 33 "-" "Mozilla/5.0 (Windows NT 10.0; Win64; x64) AppleWebKit/537.36 (KHTML, like Gecko) Chrome/86.0.4240.111 Safari/537.36"
